2019-06-22 20:30:43,977 | INFO     | Init script: {"random_seed": 0, "source_extended_dataset": "datasets/extended_dataset.csv.bz2"}
2019-06-22 20:30:48,062 | INFO     | Layer sizes: [[26273, 162, 1], [26273, 883, 29, 1]]
2019-06-22 20:30:48,062 | INFO     | hidden_layer_sizes: [(162,), (883, 29)]
2019-06-22 20:30:48,062 | INFO     | activation: ['tanh', 'relu']
2019-06-22 20:30:48,062 | INFO     | solver: ['sgd', 'adam']
2019-06-22 20:30:48,062 | INFO     | alpha: [0.0001]
2019-06-22 20:30:48,063 | INFO     | max_iter: [100]
2019-06-22 20:30:48,063 | INFO     | learning_rate: ['constant', 'adaptive']
2019-06-23 15:39:56,854 | INFO     | Result: 0.24216369602181229 (+/-0.00883369986111948) for {'activation': 'tanh', 'alpha': 0.0001, 'hidden_layer_sizes': (162,), 'learning_rate': 'constant', 'max_iter': 100, 'solver': 'sgd', 'mean': 0.24216369602181229, 'std': 0.00883369986111948}
2019-06-23 15:39:56,860 | INFO     | Result: -0.1369992619562334 (+/-0.04360527434415499) for {'activation': 'tanh', 'alpha': 0.0001, 'hidden_layer_sizes': (162,), 'learning_rate': 'constant', 'max_iter': 100, 'solver': 'adam', 'mean': -0.1369992619562334, 'std': 0.04360527434415499}
2019-06-23 15:39:56,860 | INFO     | Result: 0.24055658303220187 (+/-0.008571937975700659) for {'activation': 'tanh', 'alpha': 0.0001, 'hidden_layer_sizes': (162,), 'learning_rate': 'adaptive', 'max_iter': 100, 'solver': 'sgd', 'mean': 0.24055658303220187, 'std': 0.008571937975700659}
2019-06-23 15:39:56,861 | INFO     | Result: -0.13281081107983853 (+/-0.06041038067266214) for {'activation': 'tanh', 'alpha': 0.0001, 'hidden_layer_sizes': (162,), 'learning_rate': 'adaptive', 'max_iter': 100, 'solver': 'adam', 'mean': -0.13281081107983853, 'std': 0.06041038067266214}
2019-06-23 15:39:56,861 | INFO     | Result: 0.16461304750927241 (+/-0.028096577465389027) for {'activation': 'tanh', 'alpha': 0.0001, 'hidden_layer_sizes': (883, 29), 'learning_rate': 'constant', 'max_iter': 100, 'solver': 'sgd', 'mean': 0.16461304750927241, 'std': 0.028096577465389027}
2019-06-23 15:39:56,861 | INFO     | Result: 0.17372882164664422 (+/-0.042669955531810966) for {'activation': 'tanh', 'alpha': 0.0001, 'hidden_layer_sizes': (883, 29), 'learning_rate': 'constant', 'max_iter': 100, 'solver': 'adam', 'mean': 0.17372882164664422, 'std': 0.042669955531810966}
2019-06-23 15:39:56,861 | INFO     | Result: 0.16356030857158196 (+/-0.03204433313444773) for {'activation': 'tanh', 'alpha': 0.0001, 'hidden_layer_sizes': (883, 29), 'learning_rate': 'adaptive', 'max_iter': 100, 'solver': 'sgd', 'mean': 0.16356030857158196, 'std': 0.03204433313444773}
2019-06-23 15:39:56,861 | INFO     | Result: 0.1660068442147207 (+/-0.03961414153601011) for {'activation': 'tanh', 'alpha': 0.0001, 'hidden_layer_sizes': (883, 29), 'learning_rate': 'adaptive', 'max_iter': 100, 'solver': 'adam', 'mean': 0.1660068442147207, 'std': 0.03961414153601011}
2019-06-23 15:39:56,862 | INFO     | Result: 0.2504485361906971 (+/-0.007750617248057194) for {'activation': 'relu', 'alpha': 0.0001, 'hidden_layer_sizes': (162,), 'learning_rate': 'constant', 'max_iter': 100, 'solver': 'sgd', 'mean': 0.2504485361906971, 'std': 0.007750617248057194}
2019-06-23 15:39:56,862 | INFO     | Result: -0.7085840631115755 (+/-0.0805028848485889) for {'activation': 'relu', 'alpha': 0.0001, 'hidden_layer_sizes': (162,), 'learning_rate': 'constant', 'max_iter': 100, 'solver': 'adam', 'mean': -0.7085840631115755, 'std': 0.0805028848485889}
2019-06-23 15:39:56,862 | INFO     | Result: 0.24719683333612635 (+/-0.006629905249619872) for {'activation': 'relu', 'alpha': 0.0001, 'hidden_layer_sizes': (162,), 'learning_rate': 'adaptive', 'max_iter': 100, 'solver': 'sgd', 'mean': 0.24719683333612635, 'std': 0.006629905249619872}
2019-06-23 15:39:56,862 | INFO     | Result: -0.7235162928769682 (+/-0.09665769878369962) for {'activation': 'relu', 'alpha': 0.0001, 'hidden_layer_sizes': (162,), 'learning_rate': 'adaptive', 'max_iter': 100, 'solver': 'adam', 'mean': -0.7235162928769682, 'std': 0.09665769878369962}
2019-06-23 15:39:56,862 | INFO     | Result: 0.22448133303348342 (+/-0.009503631003562319) for {'activation': 'relu', 'alpha': 0.0001, 'hidden_layer_sizes': (883, 29), 'learning_rate': 'constant', 'max_iter': 100, 'solver': 'sgd', 'mean': 0.22448133303348342, 'std': 0.009503631003562319}
2019-06-23 15:39:56,862 | INFO     | Result: -0.44456832411991853 (+/-0.10003281700588919) for {'activation': 'relu', 'alpha': 0.0001, 'hidden_layer_sizes': (883, 29), 'learning_rate': 'constant', 'max_iter': 100, 'solver': 'adam', 'mean': -0.44456832411991853, 'std': 0.10003281700588919}
2019-06-23 15:39:56,862 | INFO     | Result: 0.21689736499542442 (+/-0.02082494984533835) for {'activation': 'relu', 'alpha': 0.0001, 'hidden_layer_sizes': (883, 29), 'learning_rate': 'adaptive', 'max_iter': 100, 'solver': 'sgd', 'mean': 0.21689736499542442, 'std': 0.02082494984533835}
2019-06-23 15:39:56,863 | INFO     | Result: -0.4506684789906206 (+/-0.2031082592331861) for {'activation': 'relu', 'alpha': 0.0001, 'hidden_layer_sizes': (883, 29), 'learning_rate': 'adaptive', 'max_iter': 100, 'solver': 'adam', 'mean': -0.4506684789906206, 'std': 0.2031082592331861}
2019-06-23 15:39:57,066 | INFO     | Finish script: {"Layer sizes": [[26273, 162, 1], [26273, 883, 29, 1]], "activation": ["tanh", "relu"], "alpha": [0.0001], "hidden_layer_sizes": [[162], [883, 29]], "learning_rate": ["constant", "adaptive"], "max_iter": [100], "solver": ["sgd", "adam"], "total_execution": "19:09:13.077"}
