2019-06-24 22:32:30,887 | INFO     | Init script: {"random_seed": 0, "source_extended_dataset": "datasets/extended_dataset.csv.bz2"}
2019-06-24 22:32:34,242 | INFO     | Layer sizes: [[26273, 162, 1]]
2019-06-24 22:32:34,242 | INFO     | activation: relu
2019-06-24 22:32:34,242 | INFO     | alpha: 0.0001
2019-06-24 22:32:34,243 | INFO     | random_state: 0
2019-06-24 22:32:34,243 | INFO     | hidden_layer_sizes: ()
2019-06-24 22:32:34,243 | INFO     | solver: sgd
2019-06-24 22:32:34,243 | INFO     | max_iter: 1000
2019-06-24 22:32:34,243 | INFO     | verbose: 100
2019-06-24 22:32:34,243 | INFO     | learning_rate: constant
2019-06-24 22:32:34,243 | INFO     | early_stopping: True
2019-06-24 22:32:46,248 | INFO     | Iteration 1, loss = 10.79054185
2019-06-24 22:32:46,590 | INFO     | Validation score: -3.852970
2019-06-24 22:32:49,345 | INFO     | Iteration 2, loss = 2.68767492
2019-06-24 22:32:49,522 | INFO     | Validation score: -1.563598
2019-06-24 22:32:52,279 | INFO     | Iteration 3, loss = 1.69906644
2019-06-24 22:32:52,464 | INFO     | Validation score: -0.837676
2019-06-24 22:32:55,215 | INFO     | Iteration 4, loss = 1.29297716
2019-06-24 22:32:55,401 | INFO     | Validation score: -0.487872
2019-06-24 22:32:58,159 | INFO     | Iteration 5, loss = 1.09731609
2019-06-24 22:32:58,343 | INFO     | Validation score: -0.300910
2019-06-24 22:33:01,146 | INFO     | Iteration 6, loss = 0.99411812
2019-06-24 22:33:01,325 | INFO     | Validation score: -0.194345
2019-06-24 22:33:04,117 | INFO     | Iteration 7, loss = 0.93394803
2019-06-24 22:33:04,293 | INFO     | Validation score: -0.124904
2019-06-24 22:33:07,038 | INFO     | Iteration 8, loss = 0.89318490
2019-06-24 22:33:07,214 | INFO     | Validation score: -0.076513
2019-06-24 22:33:10,010 | INFO     | Iteration 9, loss = 0.86293251
2019-06-24 22:33:10,189 | INFO     | Validation score: -0.038415
2019-06-24 22:33:12,955 | INFO     | Iteration 10, loss = 0.83819180
2019-06-24 22:33:13,126 | INFO     | Validation score: -0.008752
2019-06-24 22:33:15,882 | INFO     | Iteration 11, loss = 0.81704236
2019-06-24 22:33:16,065 | INFO     | Validation score: 0.016857
2019-06-24 22:33:18,819 | INFO     | Iteration 12, loss = 0.79825223
2019-06-24 22:33:18,984 | INFO     | Validation score: 0.039862
2019-06-24 22:33:21,770 | INFO     | Iteration 13, loss = 0.78117223
2019-06-24 22:33:21,940 | INFO     | Validation score: 0.059538
2019-06-24 22:33:24,689 | INFO     | Iteration 14, loss = 0.76569955
2019-06-24 22:33:24,860 | INFO     | Validation score: 0.077549
2019-06-24 22:33:27,628 | INFO     | Iteration 15, loss = 0.75145553
2019-06-24 22:33:27,795 | INFO     | Validation score: 0.093910
2019-06-24 22:33:30,515 | INFO     | Iteration 16, loss = 0.73822666
2019-06-24 22:33:30,679 | INFO     | Validation score: 0.108852
2019-06-24 22:33:33,424 | INFO     | Iteration 17, loss = 0.72608142
2019-06-24 22:33:33,590 | INFO     | Validation score: 0.122409
2019-06-24 22:33:36,343 | INFO     | Iteration 18, loss = 0.71455515
2019-06-24 22:33:36,523 | INFO     | Validation score: 0.135483
2019-06-24 22:33:39,285 | INFO     | Iteration 19, loss = 0.70389161
2019-06-24 22:33:39,452 | INFO     | Validation score: 0.146980
2019-06-24 22:33:42,178 | INFO     | Iteration 20, loss = 0.69384406
2019-06-24 22:33:42,343 | INFO     | Validation score: 0.158043
2019-06-24 22:33:45,100 | INFO     | Iteration 21, loss = 0.68443624
2019-06-24 22:33:45,267 | INFO     | Validation score: 0.168211
2019-06-24 22:33:48,019 | INFO     | Iteration 22, loss = 0.67551449
2019-06-24 22:33:48,187 | INFO     | Validation score: 0.177774
2019-06-24 22:33:50,918 | INFO     | Iteration 23, loss = 0.66705726
2019-06-24 22:33:51,084 | INFO     | Validation score: 0.186736
2019-06-24 22:33:53,824 | INFO     | Iteration 24, loss = 0.65910584
2019-06-24 22:33:53,993 | INFO     | Validation score: 0.195055
2019-06-24 22:33:56,732 | INFO     | Iteration 25, loss = 0.65158028
2019-06-24 22:33:56,900 | INFO     | Validation score: 0.202761
2019-06-24 22:33:59,639 | INFO     | Iteration 26, loss = 0.64446691
2019-06-24 22:33:59,808 | INFO     | Validation score: 0.210232
2019-06-24 22:34:02,565 | INFO     | Iteration 27, loss = 0.63767752
2019-06-24 22:34:02,734 | INFO     | Validation score: 0.217191
2019-06-24 22:34:05,468 | INFO     | Iteration 28, loss = 0.63119506
2019-06-24 22:34:05,639 | INFO     | Validation score: 0.223566
2019-06-24 22:34:08,360 | INFO     | Iteration 29, loss = 0.62505432
2019-06-24 22:34:08,530 | INFO     | Validation score: 0.229955
2019-06-24 22:34:11,247 | INFO     | Iteration 30, loss = 0.61920144
2019-06-24 22:34:11,410 | INFO     | Validation score: 0.235662
2019-06-24 22:34:14,175 | INFO     | Iteration 31, loss = 0.61360578
2019-06-24 22:34:14,339 | INFO     | Validation score: 0.241113
2019-06-24 22:34:17,075 | INFO     | Iteration 32, loss = 0.60820178
2019-06-24 22:34:17,239 | INFO     | Validation score: 0.246318
2019-06-24 22:34:19,949 | INFO     | Iteration 33, loss = 0.60308266
2019-06-24 22:34:20,116 | INFO     | Validation score: 0.251167
2019-06-24 22:34:22,833 | INFO     | Iteration 34, loss = 0.59814735
2019-06-24 22:34:22,999 | INFO     | Validation score: 0.255831
2019-06-24 22:34:25,745 | INFO     | Iteration 35, loss = 0.59347767
2019-06-24 22:34:25,915 | INFO     | Validation score: 0.260330
2019-06-24 22:34:28,613 | INFO     | Iteration 36, loss = 0.58892463
2019-06-24 22:34:28,780 | INFO     | Validation score: 0.264457
2019-06-24 22:34:31,485 | INFO     | Iteration 37, loss = 0.58458257
2019-06-24 22:34:31,665 | INFO     | Validation score: 0.268631
2019-06-24 22:34:34,389 | INFO     | Iteration 38, loss = 0.58036400
2019-06-24 22:34:34,560 | INFO     | Validation score: 0.272228
2019-06-24 22:34:37,276 | INFO     | Iteration 39, loss = 0.57631889
2019-06-24 22:34:37,440 | INFO     | Validation score: 0.275853
2019-06-24 22:34:40,145 | INFO     | Iteration 40, loss = 0.57245228
2019-06-24 22:34:40,311 | INFO     | Validation score: 0.279197
2019-06-24 22:34:43,027 | INFO     | Iteration 41, loss = 0.56873380
2019-06-24 22:34:43,193 | INFO     | Validation score: 0.282578
2019-06-24 22:34:45,886 | INFO     | Iteration 42, loss = 0.56510820
2019-06-24 22:34:46,054 | INFO     | Validation score: 0.285772
2019-06-24 22:34:48,746 | INFO     | Iteration 43, loss = 0.56162750
2019-06-24 22:34:48,915 | INFO     | Validation score: 0.288908
2019-06-24 22:34:51,607 | INFO     | Iteration 44, loss = 0.55835209
2019-06-24 22:34:51,776 | INFO     | Validation score: 0.291703
2019-06-24 22:34:54,483 | INFO     | Iteration 45, loss = 0.55495832
2019-06-24 22:34:54,654 | INFO     | Validation score: 0.294127
2019-06-24 22:34:57,358 | INFO     | Iteration 46, loss = 0.55176991
2019-06-24 22:34:57,562 | INFO     | Validation score: 0.296708
2019-06-24 22:35:00,817 | INFO     | Iteration 47, loss = 0.54873272
2019-06-24 22:35:00,987 | INFO     | Validation score: 0.298989
2019-06-24 22:35:03,950 | INFO     | Iteration 48, loss = 0.54580298
2019-06-24 22:35:04,164 | INFO     | Validation score: 0.301305
2019-06-24 22:35:07,547 | INFO     | Iteration 49, loss = 0.54289267
2019-06-24 22:35:07,713 | INFO     | Validation score: 0.303561
2019-06-24 22:35:10,453 | INFO     | Iteration 50, loss = 0.54004775
2019-06-24 22:35:10,619 | INFO     | Validation score: 0.305809
2019-06-24 22:35:13,368 | INFO     | Iteration 51, loss = 0.53734629
2019-06-24 22:35:13,540 | INFO     | Validation score: 0.307882
2019-06-24 22:35:16,306 | INFO     | Iteration 52, loss = 0.53467680
2019-06-24 22:35:16,474 | INFO     | Validation score: 0.309905
2019-06-24 22:35:19,263 | INFO     | Iteration 53, loss = 0.53216049
2019-06-24 22:35:19,449 | INFO     | Validation score: 0.311872
2019-06-24 22:35:22,770 | INFO     | Iteration 54, loss = 0.52963175
2019-06-24 22:35:22,935 | INFO     | Validation score: 0.313571
2019-06-24 22:35:26,147 | INFO     | Iteration 55, loss = 0.52716013
2019-06-24 22:35:26,319 | INFO     | Validation score: 0.315268
2019-06-24 22:35:29,679 | INFO     | Iteration 56, loss = 0.52482534
2019-06-24 22:35:29,844 | INFO     | Validation score: 0.317081
2019-06-24 22:35:32,711 | INFO     | Iteration 57, loss = 0.52248898
2019-06-24 22:35:32,885 | INFO     | Validation score: 0.318466
2019-06-24 22:35:35,866 | INFO     | Iteration 58, loss = 0.52021989
2019-06-24 22:35:36,041 | INFO     | Validation score: 0.320129
2019-06-24 22:35:39,018 | INFO     | Iteration 59, loss = 0.51803455
2019-06-24 22:35:39,184 | INFO     | Validation score: 0.321521
2019-06-24 22:35:42,055 | INFO     | Iteration 60, loss = 0.51586496
2019-06-24 22:35:42,226 | INFO     | Validation score: 0.322991
2019-06-24 22:35:45,073 | INFO     | Iteration 61, loss = 0.51382407
2019-06-24 22:35:45,241 | INFO     | Validation score: 0.324222
2019-06-24 22:35:48,342 | INFO     | Iteration 62, loss = 0.51173068
2019-06-24 22:35:48,523 | INFO     | Validation score: 0.325514
2019-06-24 22:35:51,460 | INFO     | Iteration 63, loss = 0.50973748
2019-06-24 22:35:51,626 | INFO     | Validation score: 0.326744
2019-06-24 22:35:54,453 | INFO     | Iteration 64, loss = 0.50779364
2019-06-24 22:35:54,625 | INFO     | Validation score: 0.327989
2019-06-24 22:35:57,462 | INFO     | Iteration 65, loss = 0.50584428
2019-06-24 22:35:57,651 | INFO     | Validation score: 0.329147
2019-06-24 22:36:00,509 | INFO     | Iteration 66, loss = 0.50400687
2019-06-24 22:36:00,687 | INFO     | Validation score: 0.330193
2019-06-24 22:36:03,507 | INFO     | Iteration 67, loss = 0.50214297
2019-06-24 22:36:03,677 | INFO     | Validation score: 0.331320
2019-06-24 22:36:06,521 | INFO     | Iteration 68, loss = 0.50034302
2019-06-24 22:36:06,692 | INFO     | Validation score: 0.332288
2019-06-24 22:36:09,541 | INFO     | Iteration 69, loss = 0.49857111
2019-06-24 22:36:09,714 | INFO     | Validation score: 0.333311
2019-06-24 22:36:12,536 | INFO     | Iteration 70, loss = 0.49683511
2019-06-24 22:36:12,706 | INFO     | Validation score: 0.334165
2019-06-24 22:36:15,501 | INFO     | Iteration 71, loss = 0.49515449
2019-06-24 22:36:15,671 | INFO     | Validation score: 0.335144
2019-06-24 22:36:18,542 | INFO     | Iteration 72, loss = 0.49347699
2019-06-24 22:36:18,717 | INFO     | Validation score: 0.335980
2019-06-24 22:36:21,517 | INFO     | Iteration 73, loss = 0.49184724
2019-06-24 22:36:21,692 | INFO     | Validation score: 0.336852
2019-06-24 22:36:24,488 | INFO     | Iteration 74, loss = 0.49026340
2019-06-24 22:36:24,661 | INFO     | Validation score: 0.337661
2019-06-24 22:36:27,453 | INFO     | Iteration 75, loss = 0.48864240
2019-06-24 22:36:27,633 | INFO     | Validation score: 0.338647
2019-06-24 22:36:30,442 | INFO     | Iteration 76, loss = 0.48713201
2019-06-24 22:36:30,619 | INFO     | Validation score: 0.339162
2019-06-24 22:36:33,410 | INFO     | Iteration 77, loss = 0.48560203
2019-06-24 22:36:33,579 | INFO     | Validation score: 0.340084
2019-06-24 22:36:36,367 | INFO     | Iteration 78, loss = 0.48413646
2019-06-24 22:36:36,533 | INFO     | Validation score: 0.340639
2019-06-24 22:36:39,308 | INFO     | Iteration 79, loss = 0.48262158
2019-06-24 22:36:39,480 | INFO     | Validation score: 0.341431
2019-06-24 22:36:42,734 | INFO     | Iteration 80, loss = 0.48118317
2019-06-24 22:36:42,939 | INFO     | Validation score: 0.342067
2019-06-24 22:36:45,977 | INFO     | Iteration 81, loss = 0.47972718
2019-06-24 22:36:46,170 | INFO     | Validation score: 0.342658
2019-06-24 22:36:49,129 | INFO     | Iteration 82, loss = 0.47838953
2019-06-24 22:36:49,296 | INFO     | Validation score: 0.343227
2019-06-24 22:36:52,039 | INFO     | Iteration 83, loss = 0.47697449
2019-06-24 22:36:52,206 | INFO     | Validation score: 0.343811
2019-06-24 22:36:54,907 | INFO     | Iteration 84, loss = 0.47562403
2019-06-24 22:36:55,082 | INFO     | Validation score: 0.344291
2019-06-24 22:36:57,831 | INFO     | Iteration 85, loss = 0.47425680
2019-06-24 22:36:57,995 | INFO     | Validation score: 0.344976
2019-06-24 22:37:00,721 | INFO     | Iteration 86, loss = 0.47295443
2019-06-24 22:37:00,893 | INFO     | Validation score: 0.345468
2019-06-24 22:37:03,638 | INFO     | Iteration 87, loss = 0.47168432
2019-06-24 22:37:03,803 | INFO     | Validation score: 0.346087
2019-06-24 22:37:06,513 | INFO     | Iteration 88, loss = 0.47038955
2019-06-24 22:37:06,682 | INFO     | Validation score: 0.346444
2019-06-24 22:37:09,393 | INFO     | Iteration 89, loss = 0.46915132
2019-06-24 22:37:09,560 | INFO     | Validation score: 0.346961
2019-06-24 22:37:12,267 | INFO     | Iteration 90, loss = 0.46792322
2019-06-24 22:37:12,441 | INFO     | Validation score: 0.347361
2019-06-24 22:37:15,155 | INFO     | Iteration 91, loss = 0.46670026
2019-06-24 22:37:15,323 | INFO     | Validation score: 0.347832
2019-06-24 22:37:18,073 | INFO     | Iteration 92, loss = 0.46548610
2019-06-24 22:37:18,248 | INFO     | Validation score: 0.348153
2019-06-24 22:37:21,052 | INFO     | Iteration 93, loss = 0.46430596
2019-06-24 22:37:21,234 | INFO     | Validation score: 0.348627
2019-06-24 22:37:23,984 | INFO     | Iteration 94, loss = 0.46312432
2019-06-24 22:37:24,161 | INFO     | Validation score: 0.349080
2019-06-24 22:37:26,896 | INFO     | Iteration 95, loss = 0.46197058
2019-06-24 22:37:27,074 | INFO     | Validation score: 0.349405
2019-06-24 22:37:29,758 | INFO     | Iteration 96, loss = 0.46083634
2019-06-24 22:37:29,929 | INFO     | Validation score: 0.349755
2019-06-24 22:37:32,645 | INFO     | Iteration 97, loss = 0.45970672
2019-06-24 22:37:32,814 | INFO     | Validation score: 0.350060
2019-06-24 22:37:35,523 | INFO     | Iteration 98, loss = 0.45860897
2019-06-24 22:37:35,692 | INFO     | Validation score: 0.350490
2019-06-24 22:37:38,725 | INFO     | Iteration 99, loss = 0.45752055
2019-06-24 22:37:38,894 | INFO     | Validation score: 0.350799
2019-06-24 22:37:41,807 | INFO     | Iteration 100, loss = 0.45641629
2019-06-24 22:37:41,978 | INFO     | Validation score: 0.351098
2019-06-24 22:37:44,907 | INFO     | Iteration 101, loss = 0.45535106
2019-06-24 22:37:45,072 | INFO     | Validation score: 0.351387
2019-06-24 22:37:47,962 | INFO     | Iteration 102, loss = 0.45432506
2019-06-24 22:37:48,144 | INFO     | Validation score: 0.351672
2019-06-24 22:37:50,914 | INFO     | Iteration 103, loss = 0.45327003
2019-06-24 22:37:51,077 | INFO     | Validation score: 0.351822
2019-06-24 22:37:53,850 | INFO     | Iteration 104, loss = 0.45221640
2019-06-24 22:37:54,026 | INFO     | Validation score: 0.352193
2019-06-24 22:37:56,810 | INFO     | Iteration 105, loss = 0.45121557
2019-06-24 22:37:56,975 | INFO     | Validation score: 0.352436
2019-06-24 22:37:59,707 | INFO     | Iteration 106, loss = 0.45021673
2019-06-24 22:37:59,876 | INFO     | Validation score: 0.352581
2019-06-24 22:38:02,647 | INFO     | Iteration 107, loss = 0.44920024
2019-06-24 22:38:02,822 | INFO     | Validation score: 0.352976
2019-06-24 22:38:05,571 | INFO     | Iteration 108, loss = 0.44820731
2019-06-24 22:38:05,739 | INFO     | Validation score: 0.353175
2019-06-24 22:38:08,477 | INFO     | Iteration 109, loss = 0.44728578
2019-06-24 22:38:08,640 | INFO     | Validation score: 0.353240
2019-06-24 22:38:11,466 | INFO     | Iteration 110, loss = 0.44627474
2019-06-24 22:38:11,636 | INFO     | Validation score: 0.353588
2019-06-24 22:38:14,378 | INFO     | Iteration 111, loss = 0.44532136
2019-06-24 22:38:14,556 | INFO     | Validation score: 0.353801
2019-06-24 22:38:17,361 | INFO     | Iteration 112, loss = 0.44438695
2019-06-24 22:38:17,537 | INFO     | Validation score: 0.353915
2019-06-24 22:38:20,482 | INFO     | Iteration 113, loss = 0.44347553
2019-06-24 22:38:20,678 | INFO     | Validation score: 0.354136
2019-06-24 22:38:23,539 | INFO     | Iteration 114, loss = 0.44254219
2019-06-24 22:38:23,706 | INFO     | Validation score: 0.354402
2019-06-24 22:38:26,555 | INFO     | Iteration 115, loss = 0.44161250
2019-06-24 22:38:26,726 | INFO     | Validation score: 0.354370
2019-06-24 22:38:29,475 | INFO     | Iteration 116, loss = 0.44069555
2019-06-24 22:38:29,645 | INFO     | Validation score: 0.354623
2019-06-24 22:38:32,610 | INFO     | Iteration 117, loss = 0.43982022
2019-06-24 22:38:32,782 | INFO     | Validation score: 0.354757
2019-06-24 22:38:35,575 | INFO     | Iteration 118, loss = 0.43892053
2019-06-24 22:38:35,744 | INFO     | Validation score: 0.354876
2019-06-24 22:38:38,545 | INFO     | Iteration 119, loss = 0.43802427
2019-06-24 22:38:38,712 | INFO     | Validation score: 0.355097
2019-06-24 22:38:41,981 | INFO     | Iteration 120, loss = 0.43716744
2019-06-24 22:38:42,207 | INFO     | Validation score: 0.355226
2019-06-24 22:38:45,328 | INFO     | Iteration 121, loss = 0.43630841
2019-06-24 22:38:45,520 | INFO     | Validation score: 0.355389
2019-06-24 22:38:48,498 | INFO     | Iteration 122, loss = 0.43546420
2019-06-24 22:38:48,687 | INFO     | Validation score: 0.355420
2019-06-24 22:38:51,562 | INFO     | Iteration 123, loss = 0.43460843
2019-06-24 22:38:51,733 | INFO     | Validation score: 0.355490
2019-06-24 22:38:54,561 | INFO     | Iteration 124, loss = 0.43377729
2019-06-24 22:38:54,736 | INFO     | Validation score: 0.355684
2019-06-24 22:38:57,549 | INFO     | Iteration 125, loss = 0.43296756
2019-06-24 22:38:57,720 | INFO     | Validation score: 0.355954
2019-06-24 22:39:00,531 | INFO     | Iteration 126, loss = 0.43212670
2019-06-24 22:39:00,699 | INFO     | Validation score: 0.355918
2019-06-24 22:39:03,524 | INFO     | Iteration 127, loss = 0.43134126
2019-06-24 22:39:03,691 | INFO     | Validation score: 0.355977
2019-06-24 22:39:06,502 | INFO     | Iteration 128, loss = 0.43047849
2019-06-24 22:39:06,677 | INFO     | Validation score: 0.356126
2019-06-24 22:39:09,478 | INFO     | Iteration 129, loss = 0.42969471
2019-06-24 22:39:09,658 | INFO     | Validation score: 0.356175
2019-06-24 22:39:12,534 | INFO     | Iteration 130, loss = 0.42889567
2019-06-24 22:39:12,700 | INFO     | Validation score: 0.356196
2019-06-24 22:39:15,545 | INFO     | Iteration 131, loss = 0.42813172
2019-06-24 22:39:15,718 | INFO     | Validation score: 0.356228
2019-06-24 22:39:18,538 | INFO     | Iteration 132, loss = 0.42735202
2019-06-24 22:39:18,707 | INFO     | Validation score: 0.356415
2019-06-24 22:39:21,465 | INFO     | Iteration 133, loss = 0.42657715
2019-06-24 22:39:21,643 | INFO     | Validation score: 0.356401
2019-06-24 22:39:24,419 | INFO     | Iteration 134, loss = 0.42580043
2019-06-24 22:39:24,608 | INFO     | Validation score: 0.356556
2019-06-24 22:39:27,576 | INFO     | Iteration 135, loss = 0.42503251
2019-06-24 22:39:27,747 | INFO     | Validation score: 0.356434
2019-06-24 22:39:30,609 | INFO     | Iteration 136, loss = 0.42429230
2019-06-24 22:39:30,785 | INFO     | Validation score: 0.356578
2019-06-24 22:39:33,594 | INFO     | Iteration 137, loss = 0.42357089
2019-06-24 22:39:33,766 | INFO     | Validation score: 0.356500
2019-06-24 22:39:36,626 | INFO     | Iteration 138, loss = 0.42281513
2019-06-24 22:39:36,800 | INFO     | Validation score: 0.356631
2019-06-24 22:39:39,607 | INFO     | Iteration 139, loss = 0.42205897
2019-06-24 22:39:39,779 | INFO     | Validation score: 0.356613
2019-06-24 22:39:42,586 | INFO     | Iteration 140, loss = 0.42136714
2019-06-24 22:39:42,757 | INFO     | Validation score: 0.356692
2019-06-24 22:39:45,539 | INFO     | Iteration 141, loss = 0.42059546
2019-06-24 22:39:45,708 | INFO     | Validation score: 0.356849
2019-06-24 22:39:48,544 | INFO     | Iteration 142, loss = 0.41990338
2019-06-24 22:39:48,714 | INFO     | Validation score: 0.356822
2019-06-24 22:39:51,568 | INFO     | Iteration 143, loss = 0.41917784
2019-06-24 22:39:51,737 | INFO     | Validation score: 0.356776
2019-06-24 22:39:54,566 | INFO     | Iteration 144, loss = 0.41851460
2019-06-24 22:39:54,738 | INFO     | Validation score: 0.356628
2019-06-24 22:39:57,542 | INFO     | Iteration 145, loss = 0.41779007
2019-06-24 22:39:57,716 | INFO     | Validation score: 0.356965
2019-06-24 22:40:00,510 | INFO     | Iteration 146, loss = 0.41706456
2019-06-24 22:40:00,683 | INFO     | Validation score: 0.356922
2019-06-24 22:40:03,468 | INFO     | Iteration 147, loss = 0.41637473
2019-06-24 22:40:03,646 | INFO     | Validation score: 0.356863
2019-06-24 22:40:06,515 | INFO     | Iteration 148, loss = 0.41571082
2019-06-24 22:40:06,685 | INFO     | Validation score: 0.356997
2019-06-24 22:40:09,421 | INFO     | Iteration 149, loss = 0.41503407
2019-06-24 22:40:09,596 | INFO     | Validation score: 0.356847
2019-06-24 22:40:12,345 | INFO     | Iteration 150, loss = 0.41432638
2019-06-24 22:40:12,519 | INFO     | Validation score: 0.356879
2019-06-24 22:40:15,398 | INFO     | Iteration 151, loss = 0.41370873
2019-06-24 22:40:15,567 | INFO     | Validation score: 0.356989
2019-06-24 22:40:18,394 | INFO     | Iteration 152, loss = 0.41300034
2019-06-24 22:40:18,569 | INFO     | Validation score: 0.356833
2019-06-24 22:40:21,349 | INFO     | Iteration 153, loss = 0.41235635
2019-06-24 22:40:21,515 | INFO     | Validation score: 0.356946
2019-06-24 22:40:24,308 | INFO     | Iteration 154, loss = 0.41170401
2019-06-24 22:40:24,477 | INFO     | Validation score: 0.356874
2019-06-24 22:40:27,269 | INFO     | Iteration 155, loss = 0.41104764
2019-06-24 22:40:27,439 | INFO     | Validation score: 0.356886
2019-06-24 22:40:30,260 | INFO     | Iteration 156, loss = 0.41041344
2019-06-24 22:40:30,440 | INFO     | Validation score: 0.356849
2019-06-24 22:40:30,442 | INFO     | Validation score did not improve more than tol=0.000100 for 10 consecutive epochs. Stopping.
2019-06-24 22:40:31,063 | INFO     | Pickled evaluator path: datasets/evaluator_[26273, 162, 1].sav
2019-06-24 22:40:31,071 | INFO     | Finish script: {"Layer sizes": [[26273, 162, 1]], "Pickled evaluator path": "datasets/evaluator_[26273, 162, 1].sav", "activation": "relu", "alpha": 0.0001, "early_stopping": true, "hidden_layer_sizes": [], "learning_rate": "constant", "max_iter": 1000, "random_state": 0, "solver": "sgd", "total_execution": "00:08:00.179", "verbose": 100}
