2019-05-26 16:44:59,567 | INFO     | Init script: {"excluded_entry_types": ["tvEpisode", "tvSeries", "tvSpecial", "tvShort", "videoGame", "tvMiniSeries", "titleType"], "imdb_ratings_file": "datasets/title.ratings.tsv", "imdb_titles_file": "datasets/title.basics.tsv", "include_films_from_imdb_without_year": false, "remove_ambiguities": true, "target_dataset": "datasets/extended_dataset.csv", "tvtropes_films_file_name": "datasets/scraper/cache/20190501/films_tropes_20190501.json"}
2019-05-26 16:44:59,568 | INFO     | Loading basic information from IMDb dataset: datasets/title.basics.tsv
2019-05-26 16:45:02,399 | INFO     | 50000 films read
2019-05-26 16:45:05,321 | INFO     | 100000 films read
2019-05-26 16:45:08,376 | INFO     | 150000 films read
2019-05-26 16:45:11,378 | INFO     | 200000 films read
2019-05-26 16:45:14,471 | INFO     | 250000 films read
2019-05-26 16:45:17,605 | INFO     | 300000 films read
2019-05-26 16:45:20,432 | INFO     | 350000 films read
2019-05-26 16:45:23,642 | INFO     | 400000 films read
2019-05-26 16:45:27,097 | INFO     | 450000 films read
2019-05-26 16:45:30,924 | INFO     | 500000 films read
2019-05-26 16:45:33,984 | INFO     | 550000 films read
2019-05-26 16:45:37,575 | INFO     | 600000 films read
2019-05-26 16:45:40,624 | INFO     | 650000 films read
2019-05-26 16:45:43,646 | INFO     | 700000 films read
2019-05-26 16:45:47,452 | INFO     | 750000 films read
2019-05-26 16:45:50,637 | INFO     | 800000 films read
2019-05-26 16:45:53,676 | INFO     | 850000 films read
2019-05-26 16:45:56,654 | INFO     | 900000 films read
2019-05-26 16:46:00,745 | INFO     | 950000 films read
2019-05-26 16:46:03,796 | INFO     | 1000000 films read
2019-05-26 16:46:06,826 | INFO     | 1050000 films read
2019-05-26 16:46:09,974 | INFO     | 1100000 films read
2019-05-26 16:46:13,195 | INFO     | 1150000 films read
2019-05-26 16:46:17,715 | INFO     | 1200000 films read
2019-05-26 16:46:20,973 | INFO     | 1250000 films read
2019-05-26 16:46:24,338 | INFO     | 1300000 films read
2019-05-26 16:46:27,693 | INFO     | 1350000 films read
2019-05-26 16:46:31,421 | INFO     | 1400000 films read
2019-05-26 16:46:35,066 | INFO     | 1450000 films read
2019-05-26 16:46:36,971 | INFO     | imdb_lines_counter: 5869898
2019-05-26 16:46:36,971 | INFO     | imdb_films_considered: 1476303
2019-05-26 16:46:36,971 | INFO     | Adding ratings and votes from IMDb dataset: datasets/title.ratings.tsv
2019-05-26 16:46:40,670 | INFO     | Films matched times: 0: 1080
2019-05-26 16:46:40,673 | INFO     | Films matched times: 1: 6288
2019-05-26 16:46:40,675 | INFO     | Films matched times: 2: 1344
2019-05-26 16:46:40,678 | INFO     | Films matched times: 3: 666
2019-05-26 16:46:40,681 | INFO     | Films matched times: 4+: 2468
2019-05-26 16:46:40,681 | INFO     | Reducing ambiguities by selecting films with more popularity
2019-05-26 16:46:40,733 | INFO     | Films matched times: 1 (remove ambiguity): 10766
2019-05-26 16:46:40,733 | INFO     | Writing to a CSV file
2019-05-26 16:46:55,148 | INFO     | 500 rows written
2019-05-26 16:47:11,906 | INFO     | 1000 rows written
2019-05-26 16:47:26,940 | INFO     | 1500 rows written
2019-05-26 16:47:42,314 | INFO     | 2000 rows written
2019-05-26 16:47:58,084 | INFO     | 2500 rows written
2019-05-26 16:48:12,480 | INFO     | 3000 rows written
2019-05-26 16:48:28,702 | INFO     | 3500 rows written
2019-05-26 16:48:44,045 | INFO     | 4000 rows written
2019-05-26 16:48:59,569 | INFO     | 4500 rows written
2019-05-26 16:49:14,120 | INFO     | 5000 rows written
2019-05-26 16:49:28,317 | INFO     | 5500 rows written
2019-05-26 16:49:42,904 | INFO     | 6000 rows written
2019-05-26 16:49:58,088 | INFO     | 6500 rows written
2019-05-26 16:50:14,908 | INFO     | 7000 rows written
2019-05-26 16:50:32,188 | INFO     | 7500 rows written
2019-05-26 16:50:45,773 | INFO     | 8000 rows written
2019-05-26 16:51:01,419 | INFO     | 8500 rows written
2019-05-26 16:51:16,519 | INFO     | 9000 rows written
2019-05-26 16:51:30,830 | INFO     | 9500 rows written
2019-05-26 16:51:46,658 | INFO     | 10000 rows written
2019-05-26 16:52:00,919 | INFO     | 10500 rows written
2019-05-26 16:52:10,521 | INFO     | uncompressed_generated_file_path: datasets/extended_dataset.csv
2019-05-26 16:52:10,521 | INFO     | uncompressed_generated_file_size_bytes: 566778803
2019-05-26 16:54:24,674 | INFO     | compressed_generated_file_path: datasets/extended_dataset.csv.bz2
2019-05-26 16:54:24,674 | INFO     | compressed_generated_file_size_bytes: 1641196
2019-05-26 16:54:24,675 | INFO     | Finish script: {"Films matched times: 0": 1080, "Films matched times: 1": 6288, "Films matched times: 1 (remove ambiguity)": 10766, "Films matched times: 2": 1344, "Films matched times: 3": 666, "Films matched times: 4+": 2468, "compressed_generated_file_path": "datasets/extended_dataset.csv.bz2", "compressed_generated_file_size_bytes": 1641196, "imdb_films_considered": 1476303, "imdb_lines_counter": 5869898, "total_execution": "00:09:25.107", "uncompressed_generated_file_path": "datasets/extended_dataset.csv", "uncompressed_generated_file_size_bytes": 566778803}
